<?xml version="1.0" encoding="UTF-8"?>
<!-- Generated by org.testng.reporters.JUnitXMLReporter -->
<testsuite ignored="2" hostname="LAPTOP-IDFKKK1S" failures="1" tests="4" name="Test" time="42.291" errors="0" timestamp="2022-09-16T23:38:46 IST">
  <testcase classname="testcases.HomeTest" name="test1" time="0.011"/>
  <testcase classname="testcases.SimplilearnLoginTest" name="Test1" time="7.953"/>
  <testcase classname="testcases.SimplilearnLoginTest" name="Test2" time="5.862"/>
  <testcase classname="testcases.SimplilearnLoginTest" name="Test3" time="0.004">
    <failure type="java.lang.NullPointerException" message="Cannot invoke &amp;quot;org.apache.poi.xssf.usermodel.XSSFSheet.getRow(int)&amp;quot; because &amp;quot;this.sheet&amp;quot; is null">
      <![CDATA[java.lang.NullPointerException: Cannot invoke "org.apache.poi.xssf.usermodel.XSSFSheet.getRow(int)" because "this.sheet" is null
at testcases.SimplilearnLoginTest.Test3(SimplilearnLoginTest.java:58)
at java.base/java.util.ArrayList.forEach(ArrayList.java:1511)
... Removed 27 stack frames]]>
    </failure>
  </testcase> <!-- Test3 -->
  <testcase classname="testcases.BaseClass" name="@BeforeSuite DataSetUp" time="0.0">
    <ignored/>
  </testcase> <!-- @BeforeSuite DataSetUp -->
  <testcase classname="testcases.BaseClass" name="@AfterSuite DataClean" time="0.0">
    <ignored/>
  </testcase> <!-- @AfterSuite DataClean -->
</testsuite> <!-- Test -->
