<?xml version="1.0" encoding="UTF-8"?>
<!-- Generated by org.testng.reporters.JUnitXMLReporter -->
<testsuite ignored="0" hostname="LAPTOP-IDFKKK1S" failures="0" tests="3" name="Test" time="39.087" errors="0" timestamp="2022-09-17T10:19:50 IST">
  <testcase classname="testcases.SimplilearnLoginTest" name="Test1" time="6.876"/>
  <testcase classname="testcases.SimplilearnLoginTest" name="Test2" time="6.913"/>
  <testcase classname="testcases.SimplilearnLoginTest" name="Test3" time="5.956"/>
</testsuite> <!-- Test -->
