<?xml version="1.0" encoding="UTF-8"?>
<!-- Generated by org.testng.reporters.JUnitXMLReporter -->
<testsuite hostname="LAPTOP-IDFKKK1S" ignored="0" name="Test" tests="3" failures="0" timestamp="2022-09-18T12:07:11 IST" time="42.186" errors="0">
  <testcase name="Test1" time="8.162" classname="testcases.SimplilearnLoginTest"/>
  <testcase name="Test2" time="6.956" classname="testcases.SimplilearnLoginTest"/>
  <testcase name="Test3" time="7.193" classname="testcases.SimplilearnLoginTest"/>
</testsuite> <!-- Test -->
