<?xml version="1.0" encoding="UTF-8"?>
<testng-results skipped="0" failed="0" ignored="0" total="3" passed="3">
  <reporter-output>
  </reporter-output>
  <suite name="Suite" duration-ms="42186" started-at="2022-09-18T12:06:28 IST" finished-at="2022-09-18T12:07:11 IST">
    <groups>
    </groups>
    <test name="Test" duration-ms="42186" started-at="2022-09-18T12:06:28 IST" finished-at="2022-09-18T12:07:11 IST">
      <class name="testcases.SimplilearnLoginTest">
        <test-method status="PASS" signature="DataSetUp()[pri:0, instance:testcases.SimplilearnLoginTest@6ee52dcd]" name="DataSetUp" is-config="true" duration-ms="815" started-at="2022-09-18T12:06:28 IST" finished-at="2022-09-18T12:06:29 IST">
          <reporter-output>
          </reporter-output>
        </test-method> <!-- DataSetUp -->
        <test-method status="PASS" signature="SetUp(java.lang.reflect.Method)[pri:0, instance:testcases.SimplilearnLoginTest@6ee52dcd]" name="SetUp" is-config="true" duration-ms="5838" started-at="2022-09-18T12:06:29 IST" finished-at="2022-09-18T12:06:35 IST">
          <params>
            <param index="0">
              <value>
                <![CDATA[public void testcases.SimplilearnLoginTest.Test1()]]>
              </value>
            </param>
          </params>
          <reporter-output>
          </reporter-output>
        </test-method> <!-- SetUp -->
        <test-method status="PASS" signature="Test1()[pri:0, instance:testcases.SimplilearnLoginTest@6ee52dcd]" name="Test1" duration-ms="8162" started-at="2022-09-18T12:06:35 IST" finished-at="2022-09-18T12:06:43 IST">
          <reporter-output>
          </reporter-output>
        </test-method> <!-- Test1 -->
        <test-method status="PASS" signature="TearDown()[pri:0, instance:testcases.SimplilearnLoginTest@6ee52dcd]" name="TearDown" is-config="true" duration-ms="86" started-at="2022-09-18T12:06:43 IST" finished-at="2022-09-18T12:06:43 IST">
          <reporter-output>
          </reporter-output>
        </test-method> <!-- TearDown -->
        <test-method status="PASS" signature="SetUp(java.lang.reflect.Method)[pri:0, instance:testcases.SimplilearnLoginTest@6ee52dcd]" name="SetUp" is-config="true" duration-ms="6325" started-at="2022-09-18T12:06:43 IST" finished-at="2022-09-18T12:06:50 IST">
          <params>
            <param index="0">
              <value>
                <![CDATA[public void testcases.SimplilearnLoginTest.Test2(java.lang.String,java.lang.String)]]>
              </value>
            </param>
          </params>
          <reporter-output>
          </reporter-output>
        </test-method> <!-- SetUp -->
        <test-method status="PASS" signature="Test2(java.lang.String,java.lang.String)[pri:0, instance:testcases.SimplilearnLoginTest@6ee52dcd]" name="Test2" duration-ms="6956" started-at="2022-09-18T12:06:50 IST" finished-at="2022-09-18T12:06:57 IST">
          <params>
            <param index="0">
              <value>
                <![CDATA[abc@xyz.com]]>
              </value>
            </param>
            <param index="1">
              <value>
                <![CDATA[Abc@1234]]>
              </value>
            </param>
          </params>
          <reporter-output>
          </reporter-output>
        </test-method> <!-- Test2 -->
        <test-method status="PASS" signature="TearDown()[pri:0, instance:testcases.SimplilearnLoginTest@6ee52dcd]" name="TearDown" is-config="true" duration-ms="209" started-at="2022-09-18T12:06:57 IST" finished-at="2022-09-18T12:06:57 IST">
          <reporter-output>
          </reporter-output>
        </test-method> <!-- TearDown -->
        <test-method status="PASS" signature="SetUp(java.lang.reflect.Method)[pri:0, instance:testcases.SimplilearnLoginTest@6ee52dcd]" name="SetUp" is-config="true" duration-ms="5995" started-at="2022-09-18T12:06:57 IST" finished-at="2022-09-18T12:07:03 IST">
          <params>
            <param index="0">
              <value>
                <![CDATA[public void testcases.SimplilearnLoginTest.Test3()]]>
              </value>
            </param>
          </params>
          <reporter-output>
          </reporter-output>
        </test-method> <!-- SetUp -->
        <test-method status="PASS" signature="Test3()[pri:0, instance:testcases.SimplilearnLoginTest@6ee52dcd]" name="Test3" duration-ms="7193" started-at="2022-09-18T12:07:03 IST" finished-at="2022-09-18T12:07:10 IST">
          <reporter-output>
          </reporter-output>
        </test-method> <!-- Test3 -->
        <test-method status="PASS" signature="TearDown()[pri:0, instance:testcases.SimplilearnLoginTest@6ee52dcd]" name="TearDown" is-config="true" duration-ms="154" started-at="2022-09-18T12:07:10 IST" finished-at="2022-09-18T12:07:10 IST">
          <reporter-output>
          </reporter-output>
        </test-method> <!-- TearDown -->
        <test-method status="PASS" signature="DataClean()[pri:0, instance:testcases.SimplilearnLoginTest@6ee52dcd]" name="DataClean" is-config="true" duration-ms="389" started-at="2022-09-18T12:07:10 IST" finished-at="2022-09-18T12:07:11 IST">
          <reporter-output>
          </reporter-output>
        </test-method> <!-- DataClean -->
      </class> <!-- testcases.SimplilearnLoginTest -->
    </test> <!-- Test -->
  </suite> <!-- Suite -->
</testng-results>
