<?xml version="1.0" encoding="UTF-8"?>
<testng-results skipped="0" failed="0" ignored="0" total="3" passed="3">
  <reporter-output>
  </reporter-output>
  <suite name="Suite" duration-ms="51784" started-at="2022-09-10T12:57:33 IST" finished-at="2022-09-10T12:58:25 IST">
    <groups>
    </groups>
    <test name="Test" duration-ms="51784" started-at="2022-09-10T12:57:33 IST" finished-at="2022-09-10T12:58:25 IST">
      <class name="testcases.HomeTest">
        <test-method status="PASS" signature="SetUp()[pri:0, instance:testcases.HomeTest@3d99d22e]" name="SetUp" is-config="true" duration-ms="11606" started-at="2022-09-10T12:57:33 IST" finished-at="2022-09-10T12:57:45 IST">
          <reporter-output>
          </reporter-output>
        </test-method> <!-- SetUp -->
        <test-method status="PASS" signature="test1()[pri:0, instance:testcases.HomeTest@3d99d22e]" name="test1" duration-ms="3" started-at="2022-09-10T12:57:45 IST" finished-at="2022-09-10T12:57:45 IST">
          <reporter-output>
          </reporter-output>
        </test-method> <!-- test1 -->
        <test-method status="PASS" signature="TearDown()[pri:0, instance:testcases.HomeTest@3d99d22e]" name="TearDown" is-config="true" duration-ms="473" started-at="2022-09-10T12:57:45 IST" finished-at="2022-09-10T12:57:45 IST">
          <reporter-output>
          </reporter-output>
        </test-method> <!-- TearDown -->
      </class> <!-- testcases.HomeTest -->
      <class name="testcases.SimplilearnLoginTest">
        <test-method status="PASS" signature="SetUp()[pri:0, instance:testcases.SimplilearnLoginTest@1f7030a6]" name="SetUp" is-config="true" duration-ms="7420" started-at="2022-09-10T12:57:45 IST" finished-at="2022-09-10T12:57:52 IST">
          <reporter-output>
          </reporter-output>
        </test-method> <!-- SetUp -->
        <test-method status="PASS" signature="Test1()[pri:0, instance:testcases.SimplilearnLoginTest@1f7030a6]" name="Test1" duration-ms="12175" started-at="2022-09-10T12:57:52 IST" finished-at="2022-09-10T12:58:05 IST">
          <reporter-output>
          </reporter-output>
        </test-method> <!-- Test1 -->
        <test-method status="PASS" signature="TearDown()[pri:0, instance:testcases.SimplilearnLoginTest@1f7030a6]" name="TearDown" is-config="true" duration-ms="240" started-at="2022-09-10T12:58:05 IST" finished-at="2022-09-10T12:58:05 IST">
          <reporter-output>
          </reporter-output>
        </test-method> <!-- TearDown -->
        <test-method status="PASS" signature="SetUp()[pri:0, instance:testcases.SimplilearnLoginTest@1f7030a6]" name="SetUp" is-config="true" duration-ms="7442" started-at="2022-09-10T12:58:05 IST" finished-at="2022-09-10T12:58:12 IST">
          <reporter-output>
          </reporter-output>
        </test-method> <!-- SetUp -->
        <test-method status="PASS" signature="Test2()[pri:0, instance:testcases.SimplilearnLoginTest@1f7030a6]" name="Test2" duration-ms="12148" started-at="2022-09-10T12:58:12 IST" finished-at="2022-09-10T12:58:24 IST">
          <reporter-output>
          </reporter-output>
        </test-method> <!-- Test2 -->
        <test-method status="PASS" signature="TearDown()[pri:0, instance:testcases.SimplilearnLoginTest@1f7030a6]" name="TearDown" is-config="true" duration-ms="203" started-at="2022-09-10T12:58:24 IST" finished-at="2022-09-10T12:58:25 IST">
          <reporter-output>
          </reporter-output>
        </test-method> <!-- TearDown -->
      </class> <!-- testcases.SimplilearnLoginTest -->
    </test> <!-- Test -->
  </suite> <!-- Suite -->
</testng-results>
