<?xml version="1.0" encoding="UTF-8"?>
<testng-results ignored="0" total="3" passed="3" failed="0" skipped="0">
  <reporter-output>
  </reporter-output>
  <suite started-at="2022-09-17T10:19:11 IST" name="Suite" finished-at="2022-09-17T10:19:50 IST" duration-ms="39087">
    <groups>
    </groups>
    <test started-at="2022-09-17T10:19:11 IST" name="Test" finished-at="2022-09-17T10:19:50 IST" duration-ms="39087">
      <class name="testcases.SimplilearnLoginTest">
        <test-method is-config="true" signature="DataSetUp()[pri:0, instance:testcases.SimplilearnLoginTest@1e04fa0a]" started-at="2022-09-17T10:19:11 IST" name="DataSetUp" finished-at="2022-09-17T10:19:12 IST" duration-ms="1204" status="PASS">
          <reporter-output>
          </reporter-output>
        </test-method> <!-- DataSetUp -->
        <test-method is-config="true" signature="SetUp(java.lang.reflect.Method)[pri:0, instance:testcases.SimplilearnLoginTest@1e04fa0a]" started-at="2022-09-17T10:19:12 IST" name="SetUp" finished-at="2022-09-17T10:19:18 IST" duration-ms="6017" status="PASS">
          <params>
            <param index="0">
              <value>
                <![CDATA[public void testcases.SimplilearnLoginTest.Test1()]]>
              </value>
            </param>
          </params>
          <reporter-output>
          </reporter-output>
        </test-method> <!-- SetUp -->
        <test-method signature="Test1()[pri:0, instance:testcases.SimplilearnLoginTest@1e04fa0a]" started-at="2022-09-17T10:19:18 IST" name="Test1" finished-at="2022-09-17T10:19:25 IST" duration-ms="6876" status="PASS">
          <reporter-output>
          </reporter-output>
        </test-method> <!-- Test1 -->
        <test-method is-config="true" signature="TearDown()[pri:0, instance:testcases.SimplilearnLoginTest@1e04fa0a]" started-at="2022-09-17T10:19:25 IST" name="TearDown" finished-at="2022-09-17T10:19:25 IST" duration-ms="83" status="PASS">
          <reporter-output>
          </reporter-output>
        </test-method> <!-- TearDown -->
        <test-method is-config="true" signature="SetUp(java.lang.reflect.Method)[pri:0, instance:testcases.SimplilearnLoginTest@1e04fa0a]" started-at="2022-09-17T10:19:25 IST" name="SetUp" finished-at="2022-09-17T10:19:31 IST" duration-ms="5994" status="PASS">
          <params>
            <param index="0">
              <value>
                <![CDATA[public void testcases.SimplilearnLoginTest.Test2(java.lang.String,java.lang.String)]]>
              </value>
            </param>
          </params>
          <reporter-output>
          </reporter-output>
        </test-method> <!-- SetUp -->
        <test-method signature="Test2(java.lang.String,java.lang.String)[pri:0, instance:testcases.SimplilearnLoginTest@1e04fa0a]" started-at="2022-09-17T10:19:31 IST" name="Test2" finished-at="2022-09-17T10:19:38 IST" duration-ms="6913" status="PASS">
          <params>
            <param index="0">
              <value>
                <![CDATA[abc@xyz.com]]>
              </value>
            </param>
            <param index="1">
              <value>
                <![CDATA[Abc@1234]]>
              </value>
            </param>
          </params>
          <reporter-output>
          </reporter-output>
        </test-method> <!-- Test2 -->
        <test-method is-config="true" signature="TearDown()[pri:0, instance:testcases.SimplilearnLoginTest@1e04fa0a]" started-at="2022-09-17T10:19:38 IST" name="TearDown" finished-at="2022-09-17T10:19:38 IST" duration-ms="219" status="PASS">
          <reporter-output>
          </reporter-output>
        </test-method> <!-- TearDown -->
        <test-method is-config="true" signature="SetUp(java.lang.reflect.Method)[pri:0, instance:testcases.SimplilearnLoginTest@1e04fa0a]" started-at="2022-09-17T10:19:38 IST" name="SetUp" finished-at="2022-09-17T10:19:43 IST" duration-ms="5069" status="PASS">
          <params>
            <param index="0">
              <value>
                <![CDATA[public void testcases.SimplilearnLoginTest.Test3()]]>
              </value>
            </param>
          </params>
          <reporter-output>
          </reporter-output>
        </test-method> <!-- SetUp -->
        <test-method signature="Test3()[pri:0, instance:testcases.SimplilearnLoginTest@1e04fa0a]" started-at="2022-09-17T10:19:43 IST" name="Test3" finished-at="2022-09-17T10:19:49 IST" duration-ms="5956" status="PASS">
          <reporter-output>
          </reporter-output>
        </test-method> <!-- Test3 -->
        <test-method is-config="true" signature="TearDown()[pri:0, instance:testcases.SimplilearnLoginTest@1e04fa0a]" started-at="2022-09-17T10:19:49 IST" name="TearDown" finished-at="2022-09-17T10:19:50 IST" duration-ms="205" status="PASS">
          <reporter-output>
          </reporter-output>
        </test-method> <!-- TearDown -->
        <test-method is-config="true" signature="DataClean()[pri:0, instance:testcases.SimplilearnLoginTest@1e04fa0a]" started-at="2022-09-17T10:19:50 IST" name="DataClean" finished-at="2022-09-17T10:19:50 IST" duration-ms="485" status="PASS">
          <reporter-output>
          </reporter-output>
        </test-method> <!-- DataClean -->
      </class> <!-- testcases.SimplilearnLoginTest -->
    </test> <!-- Test -->
  </suite> <!-- Suite -->
</testng-results>
